[2023-08-20 20:49:56,765][root][INFO] - predict start
[2023-08-20 20:49:56,768][root][INFO] - model:
  word2vec:
    min_count: 1
    vector_size: 100
    window: 3
    workers: 5
predict:
  similar:
    word: 天気
    topn: 10
  hydra:
    sweeper:
      params:
        similar.word: 天気
        similar.topn: 10,9
config:
  text_file: dataset/wakati.txt
  model_path: model/w2v.model

[2023-08-20 20:49:56,768][gensim.utils][INFO] - loading Word2Vec object from model/w2v.model
[2023-08-20 20:49:57,620][gensim.utils][INFO] - loading wv recursively from model/w2v.model.wv.* with mmap=None
[2023-08-20 20:49:57,620][gensim.utils][INFO] - loading vectors from model/w2v.model.wv.vectors.npy with mmap=None
[2023-08-20 20:49:58,032][gensim.utils][INFO] - loading syn1neg from model/w2v.model.syn1neg.npy with mmap=None
[2023-08-20 20:49:58,440][gensim.utils][INFO] - setting ignored attribute cum_table to None
[2023-08-20 20:50:10,699][gensim.utils][INFO] - Word2Vec lifecycle event {'fname': 'model/w2v.model', 'datetime': '2023-08-20T20:50:10.683977', 'gensim': '4.3.1', 'python': '3.8.9 (default, Apr 15 2021, 00:08:37) \n[Clang 11.1.0 ]', 'platform': 'macOS-10.15.7-x86_64-i386-64bit', 'event': 'loaded'}
[2023-08-20 20:50:11,313][root][INFO] - predict done
