[2023-08-20 23:06:23,923][root][INFO] - predict start
[2023-08-20 23:06:23,925][root][INFO] - model:
  word2vec:
    min_count: 1
    vector_size: 100
    window: 3
    workers: 5
predict:
  similar:
    word: 天気
    topn: 10
  hydra:
    sweeper:
      params:
        similar.word:
        - 天気
        - 晴れ
        similar.topn: 10
config:
  text_file: dataset/wakati.txt
  model_path: model/w2v.model

[2023-08-20 23:06:23,925][gensim.utils][INFO] - loading Word2Vec object from model/w2v.model
[2023-08-20 23:06:24,873][gensim.utils][INFO] - loading wv recursively from model/w2v.model.wv.* with mmap=None
[2023-08-20 23:06:24,874][gensim.utils][INFO] - loading vectors from model/w2v.model.wv.vectors.npy with mmap=None
[2023-08-20 23:06:25,487][gensim.utils][INFO] - loading syn1neg from model/w2v.model.syn1neg.npy with mmap=None
[2023-08-20 23:06:26,092][gensim.utils][INFO] - setting ignored attribute cum_table to None
